<?xml version="1.0" encoding="UTF-8"?>
<testsuite xmlns:xsi="http://www.w3.org/2001/XMLSchema-instance" xsi:noNamespaceSchemaLocation="https://maven.apache.org/surefire/maven-surefire-plugin/xsd/surefire-test-report-3.0.xsd" version="3.0" name="org.acme.GreetingResourceTest" time="8.02" tests="1" errors="0" skipped="0" failures="0">
  <properties>
[...]
</properties>
  <testcase name="testHelloEndpoint" classname="org.acme.GreetingResourceTest" time="1.124">
    <system-out><![CDATA[2021-09-21 15:06:55,363 INFO  [org.kie.kog.cod.api.uti.AddonsConfigDiscovery] (build-7) Performed addonsConfig discovery, found: AddonsConfig{usePersistence=false, useTracing=false, useMonitoring=false, usePrometheusMonitoring=false, useCloudEvents=false, useExplainability=false, useProcessSVG=false, useEventDrivenDecisions=false}
2021-09-21 15:06:55,408 INFO  [org.kie.kog.cod.cor.uti.ApplicationGeneratorDiscovery] (build-7) Generator discovery performed, found [openapispecs, rules]
2021-09-21 15:06:55,408 INFO  [org.kie.kog.cod.cor.ApplicationGenerator] (build-7) Skipping generator 'openapispecs' because disabled
2021-09-21 15:06:57,794 INFO  [io.quarkus] (main) Quarkus 2.2.3.Final on JVM started in 3.114s. Listening on: http://localhost:8081
2021-09-21 15:06:57,794 INFO  [io.quarkus] (main) Profile test activated. 
2021-09-21 15:06:57,794 INFO  [io.quarkus] (main) Installed features: [cdi, kogito-rules, resteasy, resteasy-jackson, servlet, smallrye-context-propagation]
]]></system-out>
  </testcase>
</testsuite>